{
  "uid" : "55a5019576a29f1e",
  "name" : "clearNonpresentInput",
  "title" : "Selenide: Clear nonpresent input",
  "time" : {
    "start" : 1450625722093,
    "stop" : 1450625723135,
    "duration" : 1042
  },
  "summary" : {
    "attachments" : 0,
    "steps" : 0
  },
  "failure" : {
    "message" : "ElementNotFound: Element not found {#input-nonpresent}\nExpected: exist",
    "stackTrace" : "Element not found {#input-nonpresent}\nExpected: exist\nScreenshot: \nTimeout: 1 s.\nCaused by: NoSuchElementException: no such element: Unable to locate element: {\"method\":\"css selector\",\"selector\":\"#input-nonpresent\"}\n\tat com.codeborne.selenide.impl.AbstractSelenideElement.createElementNotFoundError(AbstractSelenideElement.java:704)\n\tat com.codeborne.selenide.impl.WaitingSelenideElement.createElementNotFoundError(WaitingSelenideElement.java:82)\n\tat com.codeborne.selenide.impl.AbstractSelenideElement.dispatchAndRetry(AbstractSelenideElement.java:115)\n\tat com.codeborne.selenide.impl.AbstractSelenideElement.invoke(AbstractSelenideElement.java:65)\n\tat com.codeborne.selenide.impl.WaitingSelenideElement.invoke(WaitingSelenideElement.java:19)\n\tat com.sun.proxy.$Proxy16.clear(Unknown Source)\n\tat com.github.kobanyan.selenium_wrapper_comparison.SelenideIT.clearNonpresentInput(SelenideIT.java:44)\n\tat sun.reflect.NativeMethodAccessorImpl.invoke0(Native Method)\n\tat sun.reflect.NativeMethodAccessorImpl.invoke(NativeMethodAccessorImpl.java:62)\n\tat sun.reflect.DelegatingMethodAccessorImpl.invoke(DelegatingMethodAccessorImpl.java:43)\n\tat java.lang.reflect.Method.invoke(Method.java:497)\n\tat org.junit.runners.model.FrameworkMethod$1.runReflectiveCall(FrameworkMethod.java:50)\n\tat org.junit.internal.runners.model.ReflectiveCallable.run(ReflectiveCallable.java:12)\n\tat org.junit.runners.model.FrameworkMethod.invokeExplosively(FrameworkMethod.java:47)\n\tat org.junit.internal.runners.statements.InvokeMethod.evaluate(InvokeMethod.java:17)\n\tat org.junit.internal.runners.statements.RunBefores.evaluate(RunBefores.java:26)\n\tat org.junit.runners.ParentRunner.runLeaf(ParentRunner.java:325)\n\tat org.junit.runners.BlockJUnit4ClassRunner.runChild(BlockJUnit4ClassRunner.java:78)\n\tat org.junit.runners.BlockJUnit4ClassRunner.runChild(BlockJUnit4ClassRunner.java:57)\n\tat org.junit.runners.ParentRunner$3.run(ParentRunner.java:290)\n\tat org.junit.runners.ParentRunner$1.schedule(ParentRunner.java:71)\n\tat org.junit.runners.ParentRunner.runChildren(ParentRunner.java:288)\n\tat org.junit.runners.ParentRunner.access$000(ParentRunner.java:58)\n\tat org.junit.runners.ParentRunner$2.evaluate(ParentRunner.java:268)\n\tat org.junit.internal.runners.statements.RunBefores.evaluate(RunBefores.java:26)\n\tat org.junit.internal.runners.statements.RunAfters.evaluate(RunAfters.java:27)\n\tat org.junit.runners.ParentRunner.run(ParentRunner.java:363)\n\tat org.apache.maven.surefire.junit4.JUnit4Provider.execute(JUnit4Provider.java:264)\n\tat org.apache.maven.surefire.junit4.JUnit4Provider.executeTestSet(JUnit4Provider.java:153)\n\tat org.apache.maven.surefire.junit4.JUnit4Provider.invoke(JUnit4Provider.java:124)\n\tat sun.reflect.NativeMethodAccessorImpl.invoke0(Native Method)\n\tat sun.reflect.NativeMethodAccessorImpl.invoke(NativeMethodAccessorImpl.java:62)\n\tat sun.reflect.DelegatingMethodAccessorImpl.invoke(DelegatingMethodAccessorImpl.java:43)\n\tat java.lang.reflect.Method.invoke(Method.java:497)\n\tat org.apache.maven.surefire.util.ReflectionUtils.invokeMethodWithArray2(ReflectionUtils.java:208)\n\tat org.apache.maven.surefire.booter.ProviderFactory$ProviderProxy.invoke(ProviderFactory.java:158)\n\tat org.apache.maven.surefire.booter.ProviderFactory.invokeProvider(ProviderFactory.java:86)\n\tat org.apache.maven.surefire.booter.ForkedBooter.runSuitesInProcess(ForkedBooter.java:153)\n\tat org.apache.maven.surefire.booter.ForkedBooter.main(ForkedBooter.java:95)\nCaused by: org.openqa.selenium.NoSuchElementException: no such element: Unable to locate element: {\"method\":\"css selector\",\"selector\":\"#input-nonpresent\"}\n  (Session info: chrome=47.0.2526.106)\n  (Driver info: chromedriver=2.20.353124 (035346203162d32c80f1dce587c8154a1efa0c3b),platform=Mac OS X 10.11.2 x86_64) (WARNING: The server did not provide any stacktrace information)\nCommand duration or timeout: 8 milliseconds\nFor documentation on this error, please visit: http://seleniumhq.org/exceptions/no_such_element.html\nBuild info: version: '2.48.2', revision: '41bccdd10cf2c0560f637404c2d96164b67d9d67', time: '2015-10-09 13:08:06'\nSystem info: host: 'venezia.local', ip: '192.168.11.8', os.name: 'Mac OS X', os.arch: 'x86_64', os.version: '10.11.2', java.version: '1.8.0_66'\nDriver info: org.openqa.selenium.chrome.ChromeDriver\nCapabilities [{applicationCacheEnabled=false, rotatable=false, mobileEmulationEnabled=false, chrome={userDataDir=/var/folders/nz/glw533px68q4csyxrwfr75vr0000gn/T/.org.chromium.Chromium.d4d3zn}, takesHeapSnapshot=true, databaseEnabled=false, handlesAlerts=true, hasTouchScreen=false, version=47.0.2526.106, platform=MAC, browserConnectionEnabled=false, nativeEvents=true, acceptSslCerts=true, locationContextEnabled=true, webStorageEnabled=true, browserName=chrome, takesScreenshot=true, javascriptEnabled=true, cssSelectorsEnabled=true}]\nSession ID: 88c8dbe1bd29c6777a14bf86aae0494c\n*** Element info: {Using=css selector, value=#input-nonpresent}\n\tat sun.reflect.GeneratedConstructorAccessor12.newInstance(Unknown Source)\n\tat sun.reflect.DelegatingConstructorAccessorImpl.newInstance(DelegatingConstructorAccessorImpl.java:45)\n\tat java.lang.reflect.Constructor.newInstance(Constructor.java:422)\n\tat org.openqa.selenium.remote.ErrorHandler.createThrowable(ErrorHandler.java:206)\n\tat org.openqa.selenium.remote.ErrorHandler.throwIfResponseFailed(ErrorHandler.java:158)\n\tat org.openqa.selenium.remote.RemoteWebDriver.execute(RemoteWebDriver.java:647)\n\tat org.openqa.selenium.remote.RemoteWebDriver.findElement(RemoteWebDriver.java:353)\n\tat org.openqa.selenium.remote.RemoteWebDriver.findElementByCssSelector(RemoteWebDriver.java:482)\n\tat org.openqa.selenium.By$ByCssSelector.findElement(By.java:430)\n\tat org.openqa.selenium.remote.RemoteWebDriver.findElement(RemoteWebDriver.java:345)\n\tat com.codeborne.selenide.impl.WebElementSelector.findElement(WebElementSelector.java:28)\n\tat com.codeborne.selenide.impl.WaitingSelenideElement.getActualDelegate(WaitingSelenideElement.java:56)\n\tat com.codeborne.selenide.impl.WaitingSelenideElement.getDelegate(WaitingSelenideElement.java:43)\n\tat com.codeborne.selenide.impl.AbstractSelenideElement.dispatchAndRetry(AbstractSelenideElement.java:91)\n\t... 36 more\n"
  },
  "description" : null,
  "severity" : "NORMAL",
  "status" : "FAILED",
  "testId" : null,
  "suite" : {
    "uid" : "562a1121158b3eae",
    "name" : "com.github.kobanyan.selenium_wrapper_comparison.SelenideIT",
    "title" : "Selenide IT"
  },
  "steps" : [ ],
  "attachments" : [ ],
  "issues" : [ ],
  "labels" : [ {
    "name" : "story",
    "value" : "Clear nonpresent input"
  }, {
    "name" : "host",
    "value" : "venezia.local"
  }, {
    "name" : "thread",
    "value" : "2910@venezia.local.main(1)"
  }, {
    "name" : "suite-name",
    "value" : "com.github.kobanyan.selenium_wrapper_comparison.SelenideIT"
  }, {
    "name" : "suite-title",
    "value" : null
  }, {
    "name" : "framework",
    "value" : "JUnit"
  }, {
    "name" : "language",
    "value" : "JAVA"
  } ],
  "parameters" : [ ]
}